Using pre-set license
Built from '2020.3/staging' branch; Version is '2020.3.6f1 (338bb68529b2) revision 3378102'; Using compiler version '192528614'; Build Type 'Release'
OS: 'Windows 10 Home; OS build 19041.1110; Version 2004; 64bit' Language: 'ko' Physical Memory: 16239 MB
BatchMode: 1, IsHumanControllingUs: 0, StartBugReporterOnCrash: 0, Is64bit: 1, IsPro: 0

 COMMAND LINE ARGUMENTS:
C:\Program Files\Unity\Hub\Editor\2020.3.6f1\Editor\Unity.exe
-adb2
-batchMode
-noUpm
-name
AssetImportWorker0
-projectPath
C:/Users/김소천/Windows basic/Documents/Defense
-logFile
Logs/AssetImportWorker0.log
-srvPort
63688
Successfully changed project path to: C:/Users/김소천/Windows basic/Documents/Defense
C:/Users/김소천/Windows basic/Documents/Defense
Using Asset Import Pipeline V2.
Refreshing native plugins compatible for Editor in 19.45 ms, found 0 plugins.
Preloading 0 native plugins for Editor in 0.00 ms.
Initialize engine version: 2020.3.6f1 (338bb68529b2)
[Subsystems] Discovering subsystems at path C:/Program Files/Unity/Hub/Editor/2020.3.6f1/Editor/Data/Resources/UnitySubsystems
[Subsystems] Discovering subsystems at path C:/Users/김소천/Windows basic/Documents/Defense/Assets
GfxDevice: creating device client; threaded=0
Direct3D:
    Version:  Direct3D 11.0 [level 11.1]
    Renderer: NVIDIA GeForce GTX 1060 3GB (ID=0x1c02)
    Vendor:   
    VRAM:     2988 MB
    Driver:   27.21.14.6627
Initialize mono
Mono path[0] = 'C:/Program Files/Unity/Hub/Editor/2020.3.6f1/Editor/Data/Managed'
Mono path[1] = 'C:/Program Files/Unity/Hub/Editor/2020.3.6f1/Editor/Data/MonoBleedingEdge/lib/mono/unityjit'
Mono config path = 'C:/Program Files/Unity/Hub/Editor/2020.3.6f1/Editor/Data/MonoBleedingEdge/etc'
Using monoOptions --debugger-agent=transport=dt_socket,embedding=1,server=y,suspend=n,address=127.0.0.1:56740
Begin MonoManager ReloadAssembly
Registering precompiled unity dll's ...
Register platform support module: C:/Program Files/Unity/Hub/Editor/2020.3.6f1/Editor/Data/PlaybackEngines/WindowsStandaloneSupport/UnityEditor.WindowsStandalone.Extensions.dll
Registered in 0.001458 seconds.
Native extension for WindowsStandalone target not found
Refreshing native plugins compatible for Editor in 19.64 ms, found 0 plugins.
Preloading 0 native plugins for Editor in 0.00 ms.
Mono: successfully reloaded assembly
- Completed reload, in  1.331 seconds
Platform modules already initialized, skipping
Registering precompiled user dll's ...
Registered in 0.000657 seconds.
Begin MonoManager ReloadAssembly
Native extension for WindowsStandalone target not found
Refreshing native plugins compatible for Editor in 0.18 ms, found 0 plugins.
Preloading 0 native plugins for Editor in 0.00 ms.
Mono: successfully reloaded assembly
- Completed reload, in  0.579 seconds
Platform modules already initialized, skipping
========================================================================
Worker process is ready to serve import requests
Launched and connected shader compiler UnityShaderCompiler.exe after 0.03 seconds
Refreshing native plugins compatible for Editor in 0.19 ms, found 0 plugins.
Preloading 0 native plugins for Editor in 0.00 ms.
Unloading 1135 Unused Serialized files (Serialized files now loaded: 0)
System memory in use before: 58.4 MB.
System memory in use after: 58.4 MB.

Unloading 10 unused Assets to reduce memory usage. Loaded Objects now: 1582.
Total: 1.375900 ms (FindLiveObjects: 0.101600 ms CreateObjectMapping: 0.026900 ms MarkObjects: 1.169000 ms  DeleteObjects: 0.077400 ms)

========================================================================
Received Import Request.
  path: Assets/DownRod/Meshtint Free Turret Tower 03 Mega Toon Series/Prefabs/Turret Tower 03.prefab
  artifactKey: Guid(d1b1882db25d6fc4f8ff52b752db2e26) Importer(815301076,1909f56bfc062723c751e8b465ee728b)
Start importing Assets/DownRod/Meshtint Free Turret Tower 03 Mega Toon Series/Prefabs/Turret Tower 03.prefab using Guid(d1b1882db25d6fc4f8ff52b752db2e26) Importer(815301076,1909f56bfc062723c751e8b465ee728b)  -> (artifact id: '409d4be2e34308dda794d8e0e68935f2') in 0.074242 seconds
  Import took 0.076083 seconds .

========================================================================
Received Import Request.
  Time since last request: 0.000255 seconds.
  path: Assets/DownRod/WendyOne-Regular.ttf
  artifactKey: Guid(27a47c4a5bdce474dbc23a3253331d14) Importer(815301076,1909f56bfc062723c751e8b465ee728b)
Start importing Assets/DownRod/WendyOne-Regular.ttf using Guid(27a47c4a5bdce474dbc23a3253331d14) Importer(815301076,1909f56bfc062723c751e8b465ee728b)  -> (artifact id: '048ffd8feb5319be4596bdca6ab74a33') in 0.027820 seconds
  Import took 0.029396 seconds .

========================================================================
Received Import Request.
  Time since last request: 1.854963 seconds.
  path: Assets/DownRod/Meshtint Free Tile Map Mega Toon Series/Prefabs/Bridge 01.prefab
  artifactKey: Guid(41b018f12ce178147b4607881dbcdcea) Importer(815301076,1909f56bfc062723c751e8b465ee728b)
Start importing Assets/DownRod/Meshtint Free Tile Map Mega Toon Series/Prefabs/Bridge 01.prefab using Guid(41b018f12ce178147b4607881dbcdcea) Importer(815301076,1909f56bfc062723c751e8b465ee728b)  -> (artifact id: '0b1aa84c6bd9404dc1461aa5d8adafe9') in 0.008266 seconds
  Import took 0.010016 seconds .

========================================================================
Received Import Request.
  Time since last request: 0.225279 seconds.
  path: Assets/DownRod/Meshtint Free Tile Map Mega Toon Series/Prefabs/Button Platform 01 Red.prefab
  artifactKey: Guid(260a85a6c0f9d9043b33cbfab226e7bf) Importer(815301076,1909f56bfc062723c751e8b465ee728b)
Start importing Assets/DownRod/Meshtint Free Tile Map Mega Toon Series/Prefabs/Button Platform 01 Red.prefab using Guid(260a85a6c0f9d9043b33cbfab226e7bf) Importer(815301076,1909f56bfc062723c751e8b465ee728b)  -> (artifact id: 'a8aa50085623386458b592386fd0fd0f') in 0.012278 seconds
  Import took 0.014002 seconds .

========================================================================
Received Import Request.
  Time since last request: 0.403181 seconds.
  path: Assets/DownRod/Meshtint Free Tile Map Mega Toon Series/Prefabs/Trap 01.prefab
  artifactKey: Guid(eb3f51c9e4e6faa45b78a8c2a6e0c16d) Importer(815301076,1909f56bfc062723c751e8b465ee728b)
Start importing Assets/DownRod/Meshtint Free Tile Map Mega Toon Series/Prefabs/Trap 01.prefab using Guid(eb3f51c9e4e6faa45b78a8c2a6e0c16d) Importer(815301076,1909f56bfc062723c751e8b465ee728b)  -> (artifact id: 'c858aad353ff6ca21ba8bce877e6bb5b') in 0.009543 seconds
  Import took 0.011292 seconds .

========================================================================
Received Import Request.
  Time since last request: 1.135572 seconds.
  path: Assets/DownRod/Meshtint Free Tile Map Mega Toon Series/Prefabs/FX Star.prefab
  artifactKey: Guid(cf2b180cac3506c4a9a0ab45fe990065) Importer(815301076,1909f56bfc062723c751e8b465ee728b)
Start importing Assets/DownRod/Meshtint Free Tile Map Mega Toon Series/Prefabs/FX Star.prefab using Guid(cf2b180cac3506c4a9a0ab45fe990065) Importer(815301076,1909f56bfc062723c751e8b465ee728b)  -> (artifact id: 'f207a223143704da713f7b6973826984') in 0.004954 seconds
  Import took 0.007022 seconds .

========================================================================
Received Import Request.
  Time since last request: 0.000653 seconds.
  path: Assets/DownRod/Meshtint Free Tile Map Mega Toon Series/Prefabs/FX Star.prefab
  artifactKey: Guid(cf2b180cac3506c4a9a0ab45fe990065) Importer(815301076,1909f56bfc062723c751e8b465ee728b)
Start importing Assets/DownRod/Meshtint Free Tile Map Mega Toon Series/Prefabs/FX Star.prefab using Guid(cf2b180cac3506c4a9a0ab45fe990065) Importer(815301076,1909f56bfc062723c751e8b465ee728b)  -> (artifact id: 'f207a223143704da713f7b6973826984') in 0.002836 seconds
  Import took 0.004463 seconds .

========================================================================
Received Import Request.
  Time since last request: 7.233822 seconds.
  path: Assets/DownRod/Meshtint Free Boximon Fiery Mega Toon Series/FBX
  artifactKey: Guid(e5a8d6b862f2f434fb369e56bcd3a696) Importer(815301076,1909f56bfc062723c751e8b465ee728b)
Start importing Assets/DownRod/Meshtint Free Boximon Fiery Mega Toon Series/FBX using Guid(e5a8d6b862f2f434fb369e56bcd3a696) Importer(815301076,1909f56bfc062723c751e8b465ee728b)  -> (artifact id: '136aacd9135176a7a48e601281dea1c9') in 0.002200 seconds
  Import took 0.003950 seconds .

========================================================================
Received Import Request.
  Time since last request: 0.255176 seconds.
  path: Assets/DownRod/Meshtint Free Boximon Fiery Mega Toon Series/READ ME
  artifactKey: Guid(bfe1ca756e561424e8242dad746fdf0b) Importer(815301076,1909f56bfc062723c751e8b465ee728b)
Start importing Assets/DownRod/Meshtint Free Boximon Fiery Mega Toon Series/READ ME using Guid(bfe1ca756e561424e8242dad746fdf0b) Importer(815301076,1909f56bfc062723c751e8b465ee728b)  -> (artifact id: 'dcbb52e38a1557001368cf1fd37d16ae') in 0.001704 seconds
  Import took 0.003890 seconds .

========================================================================
Received Import Request.
  Time since last request: 0.000510 seconds.
  path: Assets/DownRod/Meshtint Free Boximon Fiery Mega Toon Series/READ ME
  artifactKey: Guid(bfe1ca756e561424e8242dad746fdf0b) Importer(815301076,1909f56bfc062723c751e8b465ee728b)
Start importing Assets/DownRod/Meshtint Free Boximon Fiery Mega Toon Series/READ ME using Guid(bfe1ca756e561424e8242dad746fdf0b) Importer(815301076,1909f56bfc062723c751e8b465ee728b)  -> (artifact id: 'dcbb52e38a1557001368cf1fd37d16ae') in 0.001413 seconds
  Import took 0.003211 seconds .

========================================================================
Received Import Request.
  Time since last request: 8.648628 seconds.
  path: Assets/DownRod/Meshtint Free Tile Map Mega Toon Series/Prefabs/Grass 01.prefab
  artifactKey: Guid(1b8fbee291cdc1046a281cb2b3b51bf7) Importer(815301076,1909f56bfc062723c751e8b465ee728b)
Start importing Assets/DownRod/Meshtint Free Tile Map Mega Toon Series/Prefabs/Grass 01.prefab using Guid(1b8fbee291cdc1046a281cb2b3b51bf7) Importer(815301076,1909f56bfc062723c751e8b465ee728b)  -> (artifact id: '3638d0fa96d9bbe1bc0f6cb8e8e854b2') in 0.006695 seconds
  Import took 0.008358 seconds .

========================================================================
Received Import Request.
  Time since last request: 7.121317 seconds.
  path: Assets/Scenes/03PlayScenes
  artifactKey: Guid(28cba9c78800daa41aed28d1fd0ef718) Importer(815301076,1909f56bfc062723c751e8b465ee728b)
Start importing Assets/Scenes/03PlayScenes using Guid(28cba9c78800daa41aed28d1fd0ef718) Importer(815301076,1909f56bfc062723c751e8b465ee728b)  -> (artifact id: '2eac0800420c7203632a8bcc3dba4a37') in 0.001726 seconds
  Import took 0.003383 seconds .

========================================================================
Received Import Request.
  Time since last request: 0.355369 seconds.
  path: Assets/Scenes/02PlayScenes
  artifactKey: Guid(fc42918437d7252419b8b7122d658d39) Importer(815301076,1909f56bfc062723c751e8b465ee728b)
Start importing Assets/Scenes/02PlayScenes using Guid(fc42918437d7252419b8b7122d658d39) Importer(815301076,1909f56bfc062723c751e8b465ee728b)  -> (artifact id: '65a1c246a2f8540b9280e35c44c0736c') in 0.001759 seconds
  Import took 0.003412 seconds .

AssetImportWorkerClient::OnTransportError - code=2 error=End of file
